 ========================================
 PORTICO 2D - RESULTADOS
 Arquivo de entrada: portico2d_pdelta.dat
 NN, NE =            4           3
 Metodo: ELIMINACAO DE LINHAS/COLUNAS
 Analise: LINEAR
 ----------------------------------------
 DESLOCAMENTOS (por no):
No    1: ux=  0.0000E+00  uy=  0.0000E+00  rz=  0.0000E+00
No    2: ux=  1.4450E-01  uy= -2.6650E-03  rz= -1.2211E-02
No    3: ux=  1.4398E-01  uy= -4.4606E-04  rz= -1.2137E-02
No    4: ux=  0.0000E+00  uy=  0.0000E+00  rz=  0.0000E+00
 ----------------------------------------
 REACOES (apenas gdl prescritos):
No    1 dof  1  R= -5.0064E+02
No    1 dof  2  R=  2.5699E+03
No    1 dof  3  R=  1.9975E+03
No    4 dof  1  R= -4.9936E+02
No    4 dof  2  R=  4.3013E+02
No    4 dof  3  R=  1.9916E+03
 ----------------------------------------
 ESFORCOS LOCAIS ELASTICOS POR ELEMENTO:
 Convencao: [N1,V1,M1,N2,V2,M2]
Elem    1: Nax= -2.5699E+03
  2.5699E+03   5.0064E+02   1.9975E+03  -2.5699E+03  -5.0064E+02   1.5069E+03
Elem    2: Nax= -4.9936E+02
  4.9936E+02  -4.3013E+02  -1.5069E+03  -4.9936E+02   4.3013E+02  -1.5040E+03
Elem    3: Nax= -4.3013E+02
  4.3013E+02   4.9936E+02   1.5040E+03  -4.3013E+02  -4.9936E+02   1.9916E+03
