 ========================================
 PORTICO 2D - RESULTADOS
 Arquivo de entrada: portico2d_pdelta.dat                                                                                                    
 NN, NE =            4           3
 Metodo: ELIMINACAO DE LINHAS/COLUNAS
 Analise: P-DELTA
 Iteracoes:            3
 Convergiu:            1
 ----------------------------------------
 DESLOCAMENTOS (por no):
No    1: ux=  0.0000E+00  uy=  0.0000E+00  rz=  0.0000E+00
No    2: ux=  1.3997E+00  uy= -3.1111E-03  rz= -3.0535E-01
No    3: ux=  1.3997E+00  uy= -2.1406E+00  rz= -3.0535E-01
No    4: ux= -7.3776E-01  uy= -2.1406E+00  rz= -3.0535E-01
 ----------------------------------------
 REACOES (apenas gdl prescritos):
No    1 dof  1  R= -1.0000E+03
No    1 dof  2  R=  3.0000E+03
No    1 dof  3  R=  1.1199E+04
 ----------------------------------------
 ESFORCOS LOCAIS POR ELEMENTO:
 Convencao: [N1,V1,M1,N2,V2,M2]
 Valores exportados: TOTAL = (ke+kg)*u_local
Elem    1: Nax= -3.0000E+03
  3.0000E+03   1.0000E+03   1.1199E+04  -3.0000E+03  -1.0000E+03  -5.7480E-10
Elem    2: Nax=  0.0000E+00
  0.0000E+00   8.4583E-11   5.7298E-10   0.0000E+00  -8.4583E-11   7.2760E-12
Elem    3: Nax=  0.0000E+00
  0.0000E+00  -1.8190E-12  -1.4552E-11   0.0000E+00   1.8190E-12   0.0000E+00
