 ========================================
 PORTICO 2D - RESULTADOS
 Arquivo de entrada: portico2d_pdelta.dat                                                                                                    
 NN, NE =            8           9
 Metodo: ELIMINACAO DE LINHAS/COLUNAS
 Analise: P-DELTA
 Iteracoes:            5
 Convergiu:            1
 ----------------------------------------
 DESLOCAMENTOS (por no):
No    1: ux=  0.0000E+00  uy=  0.0000E+00  rz=  0.0000E+00
No    2: ux=  7.8531E-02  uy= -5.0075E-04  rz= -2.2415E-02
No    3: ux=  7.8040E-02  uy= -1.0548E-03  rz= -2.2429E-02
No    4: ux=  0.0000E+00  uy=  0.0000E+00  rz=  0.0000E+00
No    5: ux=  1.4365E-01  uy= -8.8088E-04  rz= -1.1869E-04
No    6: ux=  1.4365E-01  uy= -1.7117E-03  rz= -1.1869E-04
No    7: ux=  1.6668E-01  uy= -1.3013E-03  rz= -5.6706E-03
No    8: ux=  1.6616E-01  uy= -1.8098E-03  rz= -5.4919E-03
 ----------------------------------------
 REACOES (apenas gdl prescritos):
No    1 dof  1  R= -1.5231E+03
No    1 dof  2  R=  9.6573E+02
No    1 dof  3  R=  3.5977E+03
No    4 dof  1  R= -1.4769E+03
No    4 dof  2  R=  2.0343E+03
No    4 dof  3  R=  3.5517E+03
 ----------------------------------------
 ESFORCOS LOCAIS POR ELEMENTO:
 Convencao: [N1,V1,M1,N2,V2,M2]
 Valores exportados: TOTAL = (ke+kg)*u_local
Elem    1: Nax= -9.6573E+02
  9.6573E+02   1.5231E+03   3.5977E+03  -9.6573E+02  -1.5231E+03   1.8091E+03
Elem    2: Nax= -7.3311E+02
  7.3311E+02   9.9628E+02   8.7629E+02  -7.3311E+02  -9.9628E+02   2.6584E+03
Elem    3: Nax= -8.1080E+02
  8.1080E+02   5.0172E+02   1.1091E+03  -8.1080E+02  -5.0172E+02   6.6560E+02
Elem    4: Nax= -2.0343E+03
  2.0343E+03   1.4769E+03   3.5517E+03  -2.0343E+03  -1.4769E+03   1.7760E+03
Elem    5: Nax= -1.2669E+03
  1.2669E+03   1.0037E+03   9.0993E+02  -1.2669E+03  -1.0037E+03   2.6862E+03
Elem    6: Nax= -1.8920E+02
  1.8920E+02   4.9828E+02   1.0897E+03  -1.8920E+02  -4.9828E+02   6.5852E+02
Elem    7: Nax= -4.7314E+02
  4.7314E+02  -7.6738E+02  -2.6854E+03  -4.7314E+02   7.6738E+02  -2.6860E+03
Elem    8: Nax= -5.0545E+02
  5.0545E+02  -1.0777E+03  -3.7675E+03  -5.0545E+02   1.0777E+03  -3.7759E+03
Elem    9: Nax= -4.9828E+02
  4.9828E+02  -1.8920E+02  -6.6560E+02  -4.9828E+02   1.8920E+02  -6.5852E+02
