 ========================================
 PORTICO 2D - RESULTADOS
 Arquivo de entrada: portico2d_pdelta.dat
 NN, NE =            4           3
 Metodo: ELIMINACAO DE LINHAS/COLUNAS
 Analise: P-DELTA
 Iteracoes:            3
 Convergiu:            1
 ----------------------------------------
 DESLOCAMENTOS (por no):
No    1: ux=  0.0000E+00  uy=  0.0000E+00  rz=  0.0000E+00
No    2: ux=  1.3997E+00  uy= -3.1111E-03  rz= -3.0535E-01
No    3: ux=  1.3997E+00  uy= -2.1406E+00  rz= -3.0535E-01
No    4: ux= -7.3776E-01  uy= -2.1406E+00  rz= -3.0535E-01
 ----------------------------------------
 REACOES (apenas gdl prescritos):
No    1 dof  1  R= -1.0000E+03
No    1 dof  2  R=  3.0000E+03
No    1 dof  3  R=  1.1199E+04
 ----------------------------------------
 ESFORCOS LOCAIS ELASTICOS POR ELEMENTO:
 Convencao: [N1,V1,M1,N2,V2,M2]
Elem    1: Nax= -3.0000E+03
  3.0000E+03   1.6282E+03   1.1833E+04  -3.0000E+03  -1.6282E+03  -4.3508E+02
Elem    2: Nax=  0.0000E+00
 -9.4857E-11   8.4647E-11   5.7458E-10   9.4857E-11  -8.4647E-11   6.8319E-12
Elem    3: Nax=  0.0000E+00
  1.0837E-10  -1.4776E-12  -1.4126E-11  -1.0837E-10   1.4776E-12  -2.7853E-12
