 ========================================
 PORTICO 2D - RESULTADOS
 Arquivo de entrada: portico2d_pdelta.dat                                                                                                    
 NN, NE =            4           3
 Metodo: ELIMINACAO DE LINHAS/COLUNAS
 Analise: P-DELTA
 Iteracoes:            5
 Convergiu:            1
 ----------------------------------------
 DESLOCAMENTOS (por no):
No    1: ux=  0.0000E+00  uy=  0.0000E+00  rz=  0.0000E+00
No    2: ux=  1.5558E-01  uy= -2.6329E-03  rz= -1.3138E-02
No    3: ux=  1.5504E-01  uy= -4.7818E-04  rz= -1.3117E-02
No    4: ux=  0.0000E+00  uy=  0.0000E+00  rz=  0.0000E+00
 ----------------------------------------
 REACOES (apenas gdl prescritos):
No    1 dof  1  R= -4.7479E+02
No    1 dof  2  R=  2.5389E+03
No    1 dof  3  R=  2.1037E+03
No    4 dof  1  R= -5.2521E+02
No    4 dof  2  R=  4.6110E+02
No    4 dof  3  R=  2.1339E+03
 ----------------------------------------
 ESFORCOS LOCAIS POR ELEMENTO:
 Convencao: [N1,V1,M1,N2,V2,M2]
 Valores exportados: TOTAL = (ke+kg)*u_local
Elem    1: Nax= -2.5389E+03
  2.5389E+03   4.7479E+02   2.1037E+03  -2.5389E+03  -4.7479E+02   1.6148E+03
Elem    2: Nax= -5.2521E+02
  5.2521E+02  -4.6110E+02  -1.6148E+03  -5.2521E+02   4.6110E+02  -1.6140E+03
Elem    3: Nax= -4.6110E+02
  4.6110E+02   5.2521E+02   1.6140E+03  -4.6110E+02  -5.2521E+02   2.1339E+03
