 ========================================
 PORTICO 2D - RESULTADOS
 Arquivo de entrada: portico2d_pdelta.dat                                                                                                    
 NN, NE =            8           9
 Metodo: ELIMINACAO DE LINHAS/COLUNAS
 Analise: P-DELTA
 Iteracoes:            5
 Convergiu:            1
 ----------------------------------------
 DESLOCAMENTOS (por no):
No    1: ux=  0.0000E+00  uy=  0.0000E+00  rz=  0.0000E+00
No    2: ux=  8.6166E-02  uy= -5.1533E-04  rz= -2.6780E-02
No    3: ux=  8.5668E-02  uy= -1.0402E-03  rz= -2.6690E-02
No    4: ux=  0.0000E+00  uy=  0.0000E+00  rz=  0.0000E+00
No    5: ux=  1.9602E-01  uy= -9.8690E-04  rz= -2.1030E-02
No    6: ux=  1.9550E-01  uy= -1.6057E-03  rz= -2.1043E-02
No    7: ux=  2.6483E-01  uy= -1.3130E-03  rz= -1.0878E-02
No    8: ux=  2.6431E-01  uy= -1.7981E-03  rz= -1.0876E-02
 ----------------------------------------
 REACOES (apenas gdl prescritos):
No    1 dof  1  R= -1.5201E+03
No    1 dof  2  R=  9.9385E+02
No    1 dof  3  R=  3.7712E+03
No    4 dof  1  R= -1.4799E+03
No    4 dof  2  R=  2.0062E+03
No    4 dof  3  R=  3.7325E+03
 ----------------------------------------
 ESFORCOS LOCAIS POR ELEMENTO:
 Convencao: [N1,V1,M1,N2,V2,M2]
 Valores exportados: TOTAL = (ke+kg)*u_local
Elem    1: Nax= -9.9385E+02
  9.9385E+02   1.5201E+03   3.7712E+03  -9.9385E+02  -1.5201E+03   1.6348E+03
Elem    2: Nax= -9.0946E+02
  9.0946E+02   1.0006E+03   1.5715E+03  -9.0946E+02  -1.0006E+03   2.0306E+03
Elem    3: Nax= -6.2885E+02
  6.2885E+02   4.9787E+02   4.8686E+02  -6.2885E+02  -4.9787E+02   1.2989E+03
Elem    4: Nax= -2.0062E+03
  2.0062E+03   1.4799E+03   3.7325E+03  -2.0062E+03  -1.4799E+03   1.6190E+03
Elem    5: Nax= -1.0905E+03
  1.0905E+03   9.9936E+02   1.5837E+03  -1.0905E+03  -9.9936E+02   2.0338E+03
Elem    6: Nax= -3.7115E+02
  3.7115E+02   5.0213E+02   4.8412E+02  -3.7115E+02  -5.0213E+02   1.2989E+03
Elem    7: Nax= -4.8053E+02
  4.8053E+02  -9.1561E+02  -3.2063E+03  -4.8053E+02   9.1561E+02  -3.2027E+03
Elem    8: Nax= -4.9723E+02
  4.9723E+02  -7.1939E+02  -2.5174E+03  -4.9723E+02   7.1939E+02  -2.5180E+03
Elem    9: Nax= -5.0213E+02
  5.0213E+02  -3.7115E+02  -1.2989E+03  -5.0213E+02   3.7115E+02  -1.2989E+03
